kotlin version: 2.1.0
error message: java.lang.IncompatibleClassChangeError: class com.google.devtools.ksp.common.PersistentMap cannot inherit from final class org.jetbrains.kotlin.com.intellij.util.io.PersistentHashMap
	at java.base/java.lang.ClassLoader.defineClass1(Native Method)
	at java.base/java.lang.ClassLoader.defineClass(Unknown Source)
	at java.base/java.security.SecureClassLoader.defineClass(Unknown Source)
	at java.base/java.net.URLClassLoader.defineClass(Unknown Source)
	at java.base/java.net.URLClassLoader$1.run(Unknown Source)
	at java.base/java.net.URLClassLoader$1.run(Unknown Source)
	at java.base/java.security.AccessController.doPrivileged(Unknown Source)
	at java.base/java.net.URLClassLoader.findClass(Unknown Source)
	at java.base/java.lang.ClassLoader.loadClass(Unknown Source)
	at java.base/java.lang.ClassLoader.loadClass(Unknown Source)
	at java.base/java.lang.ClassLoader.defineClass1(Native Method)
	at java.base/java.lang.ClassLoader.defineClass(Unknown Source)
	at java.base/java.security.SecureClassLoader.defineClass(Unknown Source)
	at java.base/java.net.URLClassLoader.defineClass(Unknown Source)
	at java.base/java.net.URLClassLoader$1.run(Unknown Source)
	at java.base/java.net.URLClassLoader$1.run(Unknown Source)
	at java.base/java.security.AccessController.doPrivileged(Unknown Source)
	at java.base/java.net.URLClassLoader.findClass(Unknown Source)
	at java.base/java.lang.ClassLoader.loadClass(Unknown Source)
	at java.base/java.lang.ClassLoader.loadClass(Unknown Source)
	at com.google.devtools.ksp.common.IncrementalContextBase.<init>(IncrementalContextBase.kt:103)
	at com.google.devtools.ksp.IncrementalContext.<init>(IncrementalContext.kt:64)
	at com.google.devtools.ksp.AbstractKotlinSymbolProcessingExtension$doAnalysis$2.invoke(KotlinSymbolProcessingExtension.kt:192)
	at com.google.devtools.ksp.AbstractKotlinSymbolProcessingExtension$doAnalysis$2.invoke(KotlinSymbolProcessingExtension.kt:189)
	at com.google.devtools.ksp.AbstractKotlinSymbolProcessingExtension.handleException(KotlinSymbolProcessingExtension.kt:414)
	at com.google.devtools.ksp.AbstractKotlinSymbolProcessingExtension.doAnalysis(KotlinSymbolProcessingExtension.kt:189)
	at org.jetbrains.kotlin.analyzer.common.CommonResolverForModuleFactory$Companion.analyzeFiles(CommonResolverForModuleFactory.kt:204)
	at org.jetbrains.kotlin.analyzer.common.CommonResolverForModuleFactory$Companion.analyzeFiles$default(CommonResolverForModuleFactory.kt:143)
	at org.jetbrains.kotlin.cli.metadata.CommonAnalysisKt.runCommonAnalysisIteration$lambda$1(CommonAnalysis.kt:72)
	at org.jetbrains.kotlin.cli.common.messages.AnalyzerWithCompilerReport.analyzeAndReport(AnalyzerWithCompilerReport.kt:112)
	at org.jetbrains.kotlin.cli.metadata.CommonAnalysisKt.runCommonAnalysisIteration(CommonAnalysis.kt:71)
	at org.jetbrains.kotlin.cli.metadata.CommonAnalysisKt.runCommonAnalysisForSerialization(CommonAnalysis.kt:38)
	at org.jetbrains.kotlin.cli.metadata.K1MetadataKlibSerializer.analyze(K1MetadataKlibSerializer.kt:48)
	at org.jetbrains.kotlin.cli.metadata.K1MetadataKlibSerializer.analyze(K1MetadataKlibSerializer.kt:43)
	at org.jetbrains.kotlin.cli.metadata.AbstractMetadataSerializer.analyzeAndSerialize(AbstractMetadataSerializer.kt:34)
	at org.jetbrains.kotlin.cli.metadata.KotlinMetadataCompiler.doExecute(KotlinMetadataCompiler.kt:139)
	at org.jetbrains.kotlin.cli.metadata.KotlinMetadataCompiler.doExecute(KotlinMetadataCompiler.kt:48)
	at org.jetbrains.kotlin.cli.common.CLICompiler.execImpl(CLICompiler.kt:102)
	at org.jetbrains.kotlin.cli.common.CLICompiler.exec(CLICompiler.kt:316)
	at org.jetbrains.kotlin.daemon.CompileServiceImpl.compile(CompileServiceImpl.kt:1554)
	at java.base/jdk.internal.reflect.DirectMethodHandleAccessor.invoke(Unknown Source)
	at java.base/java.lang.reflect.Method.invoke(Unknown Source)
	at java.rmi/sun.rmi.server.UnicastServerRef.dispatch(Unknown Source)
	at java.rmi/sun.rmi.transport.Transport$1.run(Unknown Source)
	at java.rmi/sun.rmi.transport.Transport$1.run(Unknown Source)
	at java.base/java.security.AccessController.doPrivileged(Unknown Source)
	at java.rmi/sun.rmi.transport.Transport.serviceCall(Unknown Source)
	at java.rmi/sun.rmi.transport.tcp.TCPTransport.handleMessages(Unknown Source)
	at java.rmi/sun.rmi.transport.tcp.TCPTransport$ConnectionHandler.run0(Unknown Source)
	at java.rmi/sun.rmi.transport.tcp.TCPTransport$ConnectionHandler.lambda$run$0(Unknown Source)
	at java.base/java.security.AccessController.doPrivileged(Unknown Source)
	at java.rmi/sun.rmi.transport.tcp.TCPTransport$ConnectionHandler.run(Unknown Source)
	at java.base/java.util.concurrent.ThreadPoolExecutor.runWorker(Unknown Source)
	at java.base/java.util.concurrent.ThreadPoolExecutor$Worker.run(Unknown Source)
	at java.base/java.lang.Thread.run(Unknown Source)


